<?xml version="1.0" encoding="UTF-8"?>
<!-- Generated by org.testng.reporters.JUnitXMLReporter -->
<testsuite hostname="HACHANDN-IN" ignored="0" name="2. HomePage_BasicTest" tests="9" failures="1" timestamp="22 Dec 2017 08:39:44 GMT" time="28.728" errors="0">
  <testcase name="validateApplicationName" time="0.294" classname="com.crm.testcases.HomePage_BasicInfoTest"/>
  <testcase name="validateLoggedInUserName" time="0.054" classname="com.crm.testcases.HomePage_BasicInfoTest"/>
  <testcase name="validateLoggedInTimeStamp" time="0.044" classname="com.crm.testcases.HomePage_BasicInfoTest">
    <skipped/>
  </testcase> <!-- validateLoggedInTimeStamp -->
  <testcase name="validateLoggedInTimeStamp" time="0.043" classname="com.crm.testcases.HomePage_BasicInfoTest">
    <skipped/>
  </testcase> <!-- validateLoggedInTimeStamp -->
  <testcase name="validateLoggedInTimeStamp" time="0.041" classname="com.crm.testcases.HomePage_BasicInfoTest">
    <skipped/>
  </testcase> <!-- validateLoggedInTimeStamp -->
  <testcase name="validateLoggedInTimeStamp" time="0.037" classname="com.crm.testcases.HomePage_BasicInfoTest">
    <failure type="java.lang.AssertionError" message="Incorrect timestamp expected [Dec 22, 2017, 02:09:39 PM] but found [Fri Dec 22 2017 14:09:38 GMT+0530 (India Standard Time)]">
      <![CDATA[java.lang.AssertionError: Incorrect timestamp expected [Dec 22, 2017, 02:09:39 PM] but found [Fri Dec 22 2017 14:09:38 GMT+0530 (India Standard Time)]
	at com.crm.testcases.HomePage_BasicInfoTest.validateLoggedInTimeStamp(HomePage_BasicInfoTest.java:59)
... Removed 30 stack frames]]>
    </failure>
  </testcase> <!-- validateLoggedInTimeStamp -->
  <testcase name="validateHeaderLinks" time="0.085" classname="com.crm.testcases.HomePage_BasicInfoTest"/>
  <testcase name="displayHomePageMenus" time="0.427" classname="com.crm.testcases.HomePage_BasicInfoTest"/>
  <testcase name="displayHomePageSubMenus" time="3.452" classname="com.crm.testcases.HomePage_BasicInfoTest"/>
</testsuite> <!-- 2. HomePage_BasicTest -->
