<?xml version="1.0" encoding="UTF-8"?>
<!-- Generated by org.testng.reporters.JUnitXMLReporter -->
<testsuite hostname="HACHANDN-IN" ignored="0" name="Regression Testing" tests="9" failures="1" timestamp="22 Dec 2017 12:17:53 GMT" time="11.197" errors="0">
  <testcase name="@BeforeClass start" time="0.0" classname="com.crm.RegressionTestcases.HomePage_BasicInfoTest">
    <failure type="java.lang.NullPointerException">
      <![CDATA[java.lang.NullPointerException
	at com.crm.RegressionTestcases.HomePage_BasicInfoTest.start(HomePage_BasicInfoTest.java:30)
... Removed 25 stack frames]]>
    </failure>
  </testcase> <!-- @BeforeClass start -->
  <testcase name="@AfterClass end" time="0.0" classname="com.crm.RegressionTestcases.HomePage_BasicInfoTest">
    <skipped/>
  </testcase> <!-- @AfterClass end -->
  <testcase name="loginUser1" time="10.699" classname="com.crm.RegressionTestcases.LoginTest"/>
  <testcase name="validateQuickCreate" time="0.01" classname="com.crm.RegressionTestcases.QuickCreateTest">
    <skipped/>
  </testcase> <!-- validateQuickCreate -->
  <testcase name="validateQuickCreate" time="0.002" classname="com.crm.RegressionTestcases.QuickCreateTest">
    <skipped/>
  </testcase> <!-- validateQuickCreate -->
  <testcase name="validateQuickCreate" time="0.001" classname="com.crm.RegressionTestcases.QuickCreateTest">
    <failure type="java.lang.NullPointerException">
      <![CDATA[java.lang.NullPointerException
	at com.crm.utils.ExcelHandler.setCellData(ExcelHandler.java:132)
	at com.crm.RegressionTestcases.QuickCreateTest.validateQuickCreate(QuickCreateTest.java:40)
... Removed 25 stack frames]]>
    </failure>
  </testcase> <!-- validateQuickCreate -->
  <testcase name="validateApplicationName" time="0.0" classname="com.crm.RegressionTestcases.HomePage_BasicInfoTest">
    <skipped/>
  </testcase> <!-- validateApplicationName -->
  <testcase name="validateLoggedInTimeStamp" time="0.0" classname="com.crm.RegressionTestcases.HomePage_BasicInfoTest">
    <skipped/>
  </testcase> <!-- validateLoggedInTimeStamp -->
  <testcase name="validateHeaderLinks" time="0.0" classname="com.crm.RegressionTestcases.HomePage_BasicInfoTest">
    <skipped/>
  </testcase> <!-- validateHeaderLinks -->
  <testcase name="displayHomePageMenus" time="0.0" classname="com.crm.RegressionTestcases.HomePage_BasicInfoTest">
    <skipped/>
  </testcase> <!-- displayHomePageMenus -->
  <testcase name="displayHomePageSubMenus" time="0.0" classname="com.crm.RegressionTestcases.HomePage_BasicInfoTest">
    <skipped/>
  </testcase> <!-- displayHomePageSubMenus -->
</testsuite> <!-- Regression Testing -->
