<?xml version="1.0" encoding="UTF-8"?>
<testng-results skipped="0" failed="0" ignored="0" total="2" passed="2">
  <reporter-output>
    <line>
      <![CDATA[About to begin executing Suite CRMPRO = Sanity Test]]>
    </line>
    <line>
      <![CDATA[About to begin executing Test 2. HomePage_BasicTest]]>
    </line>
    <line>
      <![CDATA[Test Status: Pass]]>
    </line>
    <line>
      <![CDATA[Test Status: Pass]]>
    </line>
  </reporter-output>
  <suite name="CRMPRO = Sanity Test" duration-ms="24" started-at="2017-12-21T07:58:11Z" finished-at="2017-12-21T07:58:11Z">
    <groups>
    </groups>
    <test name="2. HomePage_BasicTest" duration-ms="24" started-at="2017-12-21T07:58:11Z" finished-at="2017-12-21T07:58:11Z">
      <class name="rough.Test3">
        <test-method status="PASS" signature="meth1()[pri:0, instance:rough.Test3@ae45eb6]" name="meth1" is-config="true" duration-ms="8" started-at="2017-12-21T13:28:11Z" finished-at="2017-12-21T13:28:11Z">
          <reporter-output>
          </reporter-output>
        </test-method> <!-- meth1 -->
        <test-method status="PASS" signature="meth3()[pri:0, instance:rough.Test3@ae45eb6]" name="meth3" is-config="true" duration-ms="0" started-at="2017-12-21T13:28:11Z" finished-at="2017-12-21T13:28:11Z">
          <reporter-output>
          </reporter-output>
        </test-method> <!-- meth3 -->
        <test-method status="PASS" signature="meth9()[pri:0, instance:rough.Test3@ae45eb6]" name="meth9" is-config="true" duration-ms="0" started-at="2017-12-21T13:28:11Z" finished-at="2017-12-21T13:28:11Z">
          <reporter-output>
          </reporter-output>
        </test-method> <!-- meth9 -->
        <test-method status="PASS" signature="meth5()[pri:0, instance:rough.Test3@ae45eb6]" name="meth5" is-config="true" duration-ms="1" started-at="2017-12-21T13:28:11Z" finished-at="2017-12-21T13:28:11Z">
          <reporter-output>
          </reporter-output>
        </test-method> <!-- meth5 -->
        <test-method status="PASS" signature="Test1()[pri:1, instance:rough.Test3@ae45eb6]" name="Test1" duration-ms="4" started-at="2017-12-21T13:28:11Z" finished-at="2017-12-21T13:28:11Z">
          <reporter-output>
            <line>
              <![CDATA[Test Status: Pass]]>
            </line>
          </reporter-output>
        </test-method> <!-- Test1 -->
        <test-method status="PASS" signature="meth6()[pri:0, instance:rough.Test3@ae45eb6]" name="meth6" is-config="true" duration-ms="0" started-at="2017-12-21T13:28:11Z" finished-at="2017-12-21T13:28:11Z">
          <reporter-output>
          </reporter-output>
        </test-method> <!-- meth6 -->
        <test-method status="PASS" signature="Test2()[pri:2, instance:rough.Test3@ae45eb6]" name="Test2" duration-ms="1" started-at="2017-12-21T13:28:11Z" finished-at="2017-12-21T13:28:11Z">
          <reporter-output>
            <line>
              <![CDATA[Test Status: Pass]]>
            </line>
          </reporter-output>
        </test-method> <!-- Test2 -->
        <test-method status="PASS" signature="meth5()[pri:0, instance:rough.Test3@ae45eb6]" name="meth5" is-config="true" duration-ms="0" started-at="2017-12-21T13:28:11Z" finished-at="2017-12-21T13:28:11Z">
          <reporter-output>
          </reporter-output>
        </test-method> <!-- meth5 -->
        <test-method status="PASS" signature="meth6()[pri:0, instance:rough.Test3@ae45eb6]" name="meth6" is-config="true" duration-ms="0" started-at="2017-12-21T13:28:11Z" finished-at="2017-12-21T13:28:11Z">
          <reporter-output>
          </reporter-output>
        </test-method> <!-- meth6 -->
        <test-method status="PASS" signature="meth10()[pri:0, instance:rough.Test3@ae45eb6]" name="meth10" is-config="true" duration-ms="0" started-at="2017-12-21T13:28:11Z" finished-at="2017-12-21T13:28:11Z">
          <reporter-output>
          </reporter-output>
        </test-method> <!-- meth10 -->
        <test-method status="PASS" signature="meth4()[pri:0, instance:rough.Test3@ae45eb6]" name="meth4" is-config="true" duration-ms="0" started-at="2017-12-21T13:28:11Z" finished-at="2017-12-21T13:28:11Z">
          <reporter-output>
          </reporter-output>
        </test-method> <!-- meth4 -->
        <test-method status="PASS" signature="meth2()[pri:0, instance:rough.Test3@ae45eb6]" name="meth2" is-config="true" duration-ms="0" started-at="2017-12-21T13:28:11Z" finished-at="2017-12-21T13:28:11Z">
          <reporter-output>
          </reporter-output>
        </test-method> <!-- meth2 -->
      </class> <!-- rough.Test3 -->
    </test> <!-- 2. HomePage_BasicTest -->
  </suite> <!-- CRMPRO = Sanity Test -->
</testng-results>
